<?xml version="1.0" encoding="UTF-8"?>
<!-- Generated by org.testng.reporters.JUnitReportReporter -->
<testsuite hostname="DESKTOP-T261M5B" failures="0" tests="1" name="com.hrm.HRHead.CreateAdmin" time="65.947" errors="0" timestamp="2023-05-30T09:57:26 IST" skipped="0">
  <testcase classname="com.hrm.HRHead.CreateAdmin" name="createAdmin" time="65.947"/>
  <system-out/>
</testsuite> <!-- com.hrm.HRHead.CreateAdmin -->
