<?xml version="1.0" encoding="UTF-8"?>
<!-- Generated by org.testng.reporters.JUnitReportReporter -->
<testsuite hostname="DESKTOP-T261M5B" failures="0" tests="1" name="SDET48.FirefoxK" time="19.518" errors="0" timestamp="2023-05-29T12:28:17 IST" skipped="0">
  <testcase classname="SDET48.FirefoxK" name="testFir" time="19.518"/>
  <system-out/>
</testsuite> <!-- SDET48.FirefoxK -->
