<?xml version="1.0" encoding="UTF-8"?>
<!-- Generated by org.testng.reporters.JUnitReportReporter -->
<testsuite hostname="DESKTOP-T261M5B" failures="0" tests="1" name="com.hrm.Coropate.ModifyCorporate" time="7.782" errors="0" timestamp="2023-05-30T10:33:29 IST" skipped="0">
  <testcase classname="com.hrm.Coropate.ModifyCorporate" name="modifyCorporate" time="7.782"/>
  <system-out/>
</testsuite> <!-- com.hrm.Coropate.ModifyCorporate -->
