<?xml version="1.0" encoding="UTF-8"?>
<!-- Generated by org.testng.reporters.JUnitReportReporter -->
<testsuite hostname="DESKTOP-T261M5B" failures="0" tests="4" name="SDET48.TestNGD123" time="0.029" errors="0" timestamp="2023-05-26T17:30:52 IST" skipped="0">
  <testcase classname="SDET48.TestNGD123" name="b" time="0.021"/>
  <system-out/>
  <testcase classname="SDET48.TestNGD123" name="D" time="0.002"/>
  <system-out/>
  <testcase classname="SDET48.TestNGD123" name="c" time="0.003"/>
  <system-out/>
  <testcase classname="SDET48.TestNGD123" name="A" time="0.003"/>
  <system-out/>
</testsuite> <!-- SDET48.TestNGD123 -->
