<?xml version="1.0" encoding="UTF-8"?>
<!-- Generated by org.testng.reporters.JUnitReportReporter -->
<testsuite hostname="DESKTOP-T261M5B" failures="0" tests="3" name="SDET48.DataProviderUsingExcel" time="0.009" errors="0" timestamp="2023-05-26T17:30:52 IST" skipped="0">
  <testcase classname="SDET48.DataProviderUsingExcel" name="getData" time="0.002"/>
  <system-out/>
  <testcase classname="SDET48.DataProviderUsingExcel" name="getData" time="0.001"/>
  <system-out/>
  <testcase classname="SDET48.DataProviderUsingExcel" name="getData" time="0.006"/>
  <system-out/>
</testsuite> <!-- SDET48.DataProviderUsingExcel -->
