<?xml version="1.0" encoding="UTF-8"?>
<!-- Generated by org.testng.reporters.JUnitReportReporter -->
<testsuite hostname="DESKTOP-T261M5B" failures="0" tests="4" name="SDET48.DataProviderDemo" time="0.050" errors="0" timestamp="24 May 2023 04:52:22 GMT" skipped="0">
  <testcase classname="SDET48.DataProviderDemo" name="print" time="0.002"/>
  <testcase classname="SDET48.DataProviderDemo" name="print" time="0.003"/>
  <testcase classname="SDET48.DataProviderDemo" name="print" time="0.043"/>
  <testcase classname="SDET48.DataProviderDemo" name="print" time="0.002"/>
</testsuite> <!-- SDET48.DataProviderDemo -->
