<?xml version="1.0" encoding="UTF-8"?>
<!-- Generated by org.testng.reporters.JUnitReportReporter -->
<testsuite hostname="DESKTOP-T261M5B" failures="0" tests="5" name="SDET48.TestNGDem" time="0.010" errors="0" timestamp="2023-05-26T17:30:52 IST" skipped="0">
  <testcase classname="SDET48.TestNGDem" name="Dangalore" time="0.001"/>
  <system-out/>
  <testcase classname="SDET48.TestNGDem" name="Ele" time="0.002"/>
  <system-out/>
  <testcase classname="SDET48.TestNGDem" name="Aysore" time="0.003"/>
  <system-out/>
  <testcase classname="SDET48.TestNGDem" name="CharKhand" time="0.002"/>
  <system-out/>
  <testcase classname="SDET48.TestNGDem" name="Bo" time="0.002"/>
  <system-out/>
</testsuite> <!-- SDET48.TestNGDem -->
