<?xml version="1.0" encoding="UTF-8"?>
<!-- Generated by org.testng.reporters.JUnitReportReporter -->
<testsuite hostname="DESKTOP-T261M5B" failures="0" tests="4" name="SDET48.PrintTheDataProvider" time="0.020" errors="0" timestamp="2023-05-26T17:30:52 IST" skipped="0">
  <testcase classname="SDET48.PrintTheDataProvider" name="run" time="0.015"/>
  <system-out/>
  <testcase classname="SDET48.PrintTheDataProvider" name="run" time="0.001"/>
  <system-out/>
  <testcase classname="SDET48.PrintTheDataProvider" name="run" time="0.002"/>
  <system-out/>
  <testcase classname="SDET48.PrintTheDataProvider" name="run" time="0.002"/>
  <system-out/>
</testsuite> <!-- SDET48.PrintTheDataProvider -->
